2025-10-07 10:01:35.844 [info] Started local extension host with pid 5619.
2025-10-07 10:01:38.311 [info] Settings Sync: Account status changed from uninitialized to unavailable
2025-10-07 10:01:39.282 [info] Auto updating outdated extensions. ms-python.vscode-python-envs
2025-10-07 10:01:40.023 [info] Auto updating outdated extensions. ms-python.vscode-python-envs
2025-10-07 10:01:40.101 [info] [perf] Render performance baseline is 41ms
2025-10-07 10:01:40.574 [error] [UriError]: Scheme contains illegal characters.: Error: [UriError]: Scheme contains illegal characters.
    at z6 (file:///snap/code/209/usr/share/code/resources/app/out/main.js:30:64298)
    at new od (file:///snap/code/209/usr/share/code/resources/app/out/main.js:30:67678)
    at new zr (file:///snap/code/209/usr/share/code/resources/app/out/main.js:30:69116)
    at od.revive (file:///snap/code/209/usr/share/code/resources/app/out/main.js:30:68893)
    at o5.call (file:///snap/code/209/usr/share/code/resources/app/out/main.js:88:105741)
    at Lf.s (file:///snap/code/209/usr/share/code/resources/app/out/main.js:31:14859)
    at Lf.q (file:///snap/code/209/usr/share/code/resources/app/out/main.js:31:14382)
    at Xo.value (file:///snap/code/209/usr/share/code/resources/app/out/main.js:31:13784)
    at P.C (file:///snap/code/209/usr/share/code/resources/app/out/main.js:30:2373)
    at P.D (file:///snap/code/209/usr/share/code/resources/app/out/main.js:30:2443)
    at P.fire (file:///snap/code/209/usr/share/code/resources/app/out/main.js:30:2660)
    at Xo.value (file:///snap/code/209/usr/share/code/resources/app/out/main.js:28:4922)
    at P.C (file:///snap/code/209/usr/share/code/resources/app/out/main.js:30:2373)
    at P.fire (file:///snap/code/209/usr/share/code/resources/app/out/main.js:30:2591)
    at Xo.value (file:///snap/code/209/usr/share/code/resources/app/out/main.js:28:5110)
    at P.C (file:///snap/code/209/usr/share/code/resources/app/out/main.js:30:2373)
    at P.fire (file:///snap/code/209/usr/share/code/resources/app/out/main.js:30:2591)
    at N (file:///snap/code/209/usr/share/code/resources/app/out/main.js:28:7404)
    at IpcMainImpl.i (file:///snap/code/209/usr/share/code/resources/app/out/main.js:36:10776)
    at IpcMainImpl.emit (node:events:518:28)
    at Session.<anonymous> (node:electron/js2c/browser_init:2:106370)
    at Session.emit (node:events:518:28)
2025-10-07 10:02:04.181 [error] Server[1] disconnected unexpectedly: CodeExpectedError: Server[1] disconnected unexpectedly
    at jpt.Q (vscode-file://vscode-app/snap/code/209/usr/share/code/resources/app/out/vs/workbench/workbench.desktop.main.js:2677:15454)
    at vscode-file://vscode-app/snap/code/209/usr/share/code/resources/app/out/vs/workbench/workbench.desktop.main.js:2677:15032
    at async _pt.cb (vscode-file://vscode-app/snap/code/209/usr/share/code/resources/app/out/vs/workbench/workbench.desktop.main.js:2677:30619)
2025-10-07 10:02:58.480 [error] Server[pid=6449] disconnected unexpectedly: CodeExpectedError: Server[pid=6449] disconnected unexpectedly
    at jpt.Q (vscode-file://vscode-app/snap/code/209/usr/share/code/resources/app/out/vs/workbench/workbench.desktop.main.js:2677:15454)
    at vscode-file://vscode-app/snap/code/209/usr/share/code/resources/app/out/vs/workbench/workbench.desktop.main.js:2677:15032
    at async _pt.cb (vscode-file://vscode-app/snap/code/209/usr/share/code/resources/app/out/vs/workbench/workbench.desktop.main.js:2677:30619)
2025-10-07 10:06:45.075 [error] An unknown error occurred. Please consult the log for more details.
2025-10-07 10:11:47.206 [error] An unknown error occurred. Please consult the log for more details.
2025-10-07 10:16:49.341 [error] An unknown error occurred. Please consult the log for more details.
2025-10-07 10:21:51.445 [error] An unknown error occurred. Please consult the log for more details.
2025-10-07 10:26:53.560 [error] An unknown error occurred. Please consult the log for more details.
2025-10-07 10:31:55.655 [error] An unknown error occurred. Please consult the log for more details.
2025-10-07 10:36:57.734 [error] An unknown error occurred. Please consult the log for more details.
2025-10-07 10:41:59.812 [error] An unknown error occurred. Please consult the log for more details.
2025-10-07 10:47:01.867 [error] An unknown error occurred. Please consult the log for more details.
