2025-10-11 10:45:46.403 [info] Extension host with pid 5201 started
2025-10-11 10:45:47.170 [info] ExtensionService#_doActivateExtension vscode.github-authentication, startup: false, activationEvent: 'onAuthenticationRequest:github'
2025-10-11 10:45:47.212 [info] ExtensionService#_doActivateExtension vscode.emmet, startup: false, activationEvent: 'onLanguage'
2025-10-11 10:45:47.249 [info] ExtensionService#_doActivateExtension ms-python.python, startup: false, activationEvent: 'onLanguage:python', root cause: ms-python.debugpy
2025-10-11 10:45:47.553 [info] ExtensionService#_doActivateExtension ms-python.vscode-pylance, startup: false, activationEvent: 'onLanguage:python'
2025-10-11 10:45:48.163 [info] ExtensionService#_doActivateExtension ms-python.vscode-python-envs, startup: false, activationEvent: 'onLanguage:python'
2025-10-11 10:45:48.427 [info] ExtensionService#_doActivateExtension vscode.git-base, startup: true, activationEvent: '*', root cause: vscode.git
2025-10-11 10:45:48.443 [info] ExtensionService#_doActivateExtension vscode.terminal-suggest, startup: false, activationEvent: 'onTerminalShellIntegration:*'
2025-10-11 10:45:48.633 [info] ExtensionService#_doActivateExtension vscode.git, startup: true, activationEvent: '*'
2025-10-11 10:45:48.710 [info] ExtensionService#_doActivateExtension vscode.github, startup: true, activationEvent: '*'
2025-10-11 10:45:48.906 [info] Eager extensions activated
2025-10-11 10:45:48.987 [info] ExtensionService#_doActivateExtension vscode.debug-auto-launch, startup: false, activationEvent: 'onStartupFinished'
2025-10-11 10:45:48.995 [info] ExtensionService#_doActivateExtension vscode.merge-conflict, startup: false, activationEvent: 'onStartupFinished'
2025-10-11 10:45:49.264 [info] ExtensionService#_doActivateExtension ms-python.debugpy, startup: false, activationEvent: 'onLanguage:python'
2025-10-11 10:45:51.590 [warning] DiagnosticCollection with name 'pylance' does already exist.
2025-10-11 10:45:51.881 [warning] DiagnosticCollection with name 'pylance' does already exist.
2025-10-11 10:45:51.890 [warning] DiagnosticCollection with name 'pylance' does already exist.
2025-10-11 10:47:57.491 [info] ExtensionService#_doActivateExtension vscode.debug-server-ready, startup: false, activationEvent: 'onDebugResolve'
2025-10-11 11:18:47.803 [info] Extension host terminating: renderer closed the MessagePort
2025-10-11 11:18:47.828 [error] TypeError: Cannot read properties of undefined (reading 'subscriptions')
	at Object.X [as deactivate] (/home/mikel/.vscode/extensions/ms-python.vscode-python-envs-1.8.0-linux-x64/dist/extension.js:2:662977)
	at aJ.eb (file:///snap/code/209/usr/share/code/resources/app/out/vs/workbench/api/node/extensionHostProcess.js:116:11836)
	at file:///snap/code/209/usr/share/code/resources/app/out/vs/workbench/api/node/extensionHostProcess.js:116:9986
	at Array.map (<anonymous>)
	at aJ.$ (file:///snap/code/209/usr/share/code/resources/app/out/vs/workbench/api/node/extensionHostProcess.js:116:9974)
	at aJ.terminate (file:///snap/code/209/usr/share/code/resources/app/out/vs/workbench/api/node/extensionHostProcess.js:116:10217)
	at RP.terminate (file:///snap/code/209/usr/share/code/resources/app/out/vs/workbench/api/node/extensionHostProcess.js:118:914)
	at bs (file:///snap/code/209/usr/share/code/resources/app/out/vs/workbench/api/node/extensionHostProcess.js:391:10410)
	at MessagePortMain.<anonymous> (file:///snap/code/209/usr/share/code/resources/app/out/vs/workbench/api/node/extensionHostProcess.js:391:6949)
	at MessagePortMain.emit (node:events:518:28)
	at MessagePortMain._internalPort.emit (node:electron/js2c/utility_init:2:2949)
2025-10-11 11:18:47.829 [info] Extension host with pid 5201 exiting with code 0
