2025-10-02 12:05:24.280 [info] Extension host with pid 14132 started
2025-10-02 12:05:24.508 [info] ExtensionService#_doActivateExtension vscode.github-authentication, startup: false, activationEvent: 'onAuthenticationRequest:github'
2025-10-02 12:05:24.531 [info] ExtensionService#_doActivateExtension vscode.emmet, startup: false, activationEvent: 'onLanguage'
2025-10-02 12:05:24.549 [info] ExtensionService#_doActivateExtension ms-python.python, startup: false, activationEvent: 'onLanguage:python', root cause: ms-python.debugpy
2025-10-02 12:05:24.689 [info] ExtensionService#_doActivateExtension ms-python.vscode-pylance, startup: false, activationEvent: 'onLanguage:python'
2025-10-02 12:05:25.021 [info] ExtensionService#_doActivateExtension ms-python.vscode-python-envs, startup: false, activationEvent: 'onLanguage:python'
2025-10-02 12:05:25.134 [info] ExtensionService#_doActivateExtension vscode.terminal-suggest, startup: false, activationEvent: 'onTerminalShellIntegration:*'
2025-10-02 12:05:25.312 [info] ExtensionService#_doActivateExtension ms-python.debugpy, startup: false, activationEvent: 'onLanguage:python'
2025-10-02 12:05:25.364 [info] ExtensionService#_doActivateExtension vscode.git-base, startup: true, activationEvent: '*', root cause: vscode.git
2025-10-02 12:05:25.369 [info] ExtensionService#_doActivateExtension vscode.git, startup: true, activationEvent: '*'
2025-10-02 12:05:25.402 [info] ExtensionService#_doActivateExtension vscode.github, startup: true, activationEvent: '*'
2025-10-02 12:05:25.501 [info] Eager extensions activated
2025-10-02 12:05:25.503 [info] ExtensionService#_doActivateExtension vscode.debug-auto-launch, startup: false, activationEvent: 'onStartupFinished'
2025-10-02 12:05:25.512 [info] ExtensionService#_doActivateExtension vscode.merge-conflict, startup: false, activationEvent: 'onStartupFinished'
2025-10-02 12:05:26.563 [warning] DiagnosticCollection with name 'pylance' does already exist.
2025-10-02 12:05:26.680 [warning] DiagnosticCollection with name 'pylance' does already exist.
2025-10-02 12:05:26.697 [warning] DiagnosticCollection with name 'pylance' does already exist.
2025-10-02 12:05:39.817 [info] ExtensionService#_doActivateExtension vscode.debug-server-ready, startup: false, activationEvent: 'onDebugResolve'
2025-10-02 12:09:13.710 [info] ExtensionService#_doActivateExtension vscode.npm, startup: false, activationEvent: 'onTerminalQuickFixRequest:ms-vscode.npm-command'
2025-10-02 12:16:43.692 [info] Extension host terminating: renderer closed the MessagePort
2025-10-02 12:16:43.710 [error] TypeError: Cannot read properties of undefined (reading 'subscriptions')
	at Object.K [as deactivate] (/home/mikel/.vscode/extensions/ms-python.vscode-python-envs-1.2.0-linux-x64/dist/extension.js:2:618887)
	at LZ.eb (file:///snap/code/205/usr/share/code/resources/app/out/vs/workbench/api/node/extensionHostProcess.js:116:11836)
	at file:///snap/code/205/usr/share/code/resources/app/out/vs/workbench/api/node/extensionHostProcess.js:116:9986
	at Array.map (<anonymous>)
	at LZ.$ (file:///snap/code/205/usr/share/code/resources/app/out/vs/workbench/api/node/extensionHostProcess.js:116:9974)
	at LZ.terminate (file:///snap/code/205/usr/share/code/resources/app/out/vs/workbench/api/node/extensionHostProcess.js:116:10217)
	at E3.terminate (file:///snap/code/205/usr/share/code/resources/app/out/vs/workbench/api/node/extensionHostProcess.js:118:914)
	at ws (file:///snap/code/205/usr/share/code/resources/app/out/vs/workbench/api/node/extensionHostProcess.js:388:10154)
	at MessagePortMain.<anonymous> (file:///snap/code/205/usr/share/code/resources/app/out/vs/workbench/api/node/extensionHostProcess.js:388:6693)
	at MessagePortMain.emit (node:events:518:28)
	at MessagePortMain._internalPort.emit (node:electron/js2c/utility_init:2:2949)
2025-10-02 12:16:43.710 [info] Extension host with pid 14132 exiting with code 0
