2025-10-05 15:53:11.514 [error] No workspace folder found
2025-10-05 15:53:18.764 [info] No workspace folder found
2025-10-05 15:53:18.822 [info] Resolving launch configuration with substituted variables
2025-10-05 15:53:18.822 [info] No workspace folder found
2025-10-05 15:53:18.871 [info] DAP Server launched with command: /bin/python3 /home/mikel/.vscode/extensions/ms-python.debugpy-2025.10.0-linux-x64/bundled/libs/debugpy/adapter
2025-10-05 15:53:19.069 [info] Received 'debugpySockets' event from debugpy.
2025-10-05 15:53:19.074 [info] Received 'debugpySockets' event from debugpy.
2025-10-05 15:53:19.074 [info] Received 'debugpySockets' event from debugpy.
2025-10-05 15:53:19.859 [info] Received 'debugpySockets' event from debugpy.
2025-10-05 15:53:20.847 [info] Received 'debugpySockets' event from debugpy.
2025-10-05 15:53:20.852 [info] Received 'debugpySockets' event from debugpy.
2025-10-05 15:53:57.894 [info] No workspace folder found
2025-10-05 15:53:57.920 [info] Resolving launch configuration with substituted variables
2025-10-05 15:53:57.920 [info] No workspace folder found
2025-10-05 15:53:57.958 [info] DAP Server launched with command: /bin/python3 /home/mikel/.vscode/extensions/ms-python.debugpy-2025.10.0-linux-x64/bundled/libs/debugpy/adapter
2025-10-05 15:53:58.123 [info] Received 'debugpySockets' event from debugpy.
2025-10-05 15:53:58.125 [info] Received 'debugpySockets' event from debugpy.
2025-10-05 15:53:58.126 [info] Received 'debugpySockets' event from debugpy.
2025-10-05 15:53:58.601 [info] Received 'debugpySockets' event from debugpy.
2025-10-05 15:53:59.607 [info] Received 'debugpySockets' event from debugpy.
2025-10-05 15:53:59.613 [info] Received 'debugpySockets' event from debugpy.
2025-10-05 17:55:33.598 [info] No workspace folder found
2025-10-05 17:55:33.663 [info] Resolving launch configuration with substituted variables
2025-10-05 17:55:33.663 [info] No workspace folder found
2025-10-05 17:55:33.703 [info] DAP Server launched with command: /bin/python3 /home/mikel/.vscode/extensions/ms-python.debugpy-2025.10.0-linux-x64/bundled/libs/debugpy/adapter
2025-10-05 17:55:33.874 [info] Received 'debugpySockets' event from debugpy.
2025-10-05 17:55:33.877 [info] Received 'debugpySockets' event from debugpy.
2025-10-05 17:55:33.878 [info] Received 'debugpySockets' event from debugpy.
2025-10-05 17:55:34.451 [info] Received 'debugpySockets' event from debugpy.
2025-10-05 17:55:35.445 [info] Received 'debugpySockets' event from debugpy.
2025-10-05 17:55:35.467 [info] Received 'debugpySockets' event from debugpy.
