2025-10-07 10:01:36.871 [info] Extension host with pid 5619 started
2025-10-07 10:01:37.250 [info] ExtensionService#_doActivateExtension vscode.github-authentication, startup: false, activationEvent: 'onAuthenticationRequest:github'
2025-10-07 10:01:37.291 [info] ExtensionService#_doActivateExtension vscode.emmet, startup: false, activationEvent: 'onLanguage'
2025-10-07 10:01:37.318 [info] ExtensionService#_doActivateExtension ms-python.python, startup: false, activationEvent: 'onLanguage:python', root cause: ms-python.debugpy
2025-10-07 10:01:37.583 [info] ExtensionService#_doActivateExtension ms-python.vscode-pylance, startup: false, activationEvent: 'onLanguage:python'
2025-10-07 10:01:38.346 [info] ExtensionService#_doActivateExtension ms-python.vscode-python-envs, startup: false, activationEvent: 'onLanguage:python'
2025-10-07 10:01:38.572 [info] ExtensionService#_doActivateExtension vscode.git-base, startup: true, activationEvent: '*', root cause: vscode.git
2025-10-07 10:01:38.586 [info] ExtensionService#_doActivateExtension vscode.terminal-suggest, startup: false, activationEvent: 'onTerminalShellIntegration:*'
2025-10-07 10:01:39.094 [info] ExtensionService#_doActivateExtension vscode.git, startup: true, activationEvent: '*'
2025-10-07 10:01:39.177 [info] ExtensionService#_doActivateExtension vscode.github, startup: true, activationEvent: '*'
2025-10-07 10:01:39.427 [info] Eager extensions activated
2025-10-07 10:01:39.515 [info] ExtensionService#_doActivateExtension vscode.debug-auto-launch, startup: false, activationEvent: 'onStartupFinished'
2025-10-07 10:01:39.520 [info] ExtensionService#_doActivateExtension vscode.merge-conflict, startup: false, activationEvent: 'onStartupFinished'
2025-10-07 10:01:39.883 [info] ExtensionService#_doActivateExtension ms-python.debugpy, startup: false, activationEvent: 'onLanguage:python'
2025-10-07 10:01:42.399 [warning] DiagnosticCollection with name 'pylance' does already exist.
2025-10-07 10:01:42.827 [warning] DiagnosticCollection with name 'pylance' does already exist.
2025-10-07 10:01:43.056 [info] ExtensionService#_doActivateExtension vscode.json-language-features, startup: false, activationEvent: 'onCommand:json.validate'
2025-10-07 10:02:00.540 [info] ExtensionService#_doActivateExtension vscode.debug-server-ready, startup: false, activationEvent: 'onDebugResolve'
2025-10-07 10:06:45.073 [error] TypeError: terminated
	at Fetch.onAborted (node:internal/deps/undici/undici:11132:53)
	at Fetch.emit (node:events:518:28)
	at Fetch.terminate (node:internal/deps/undici/undici:10290:14)
	at Object.onError (node:internal/deps/undici/undici:11253:38)
	at Request.onError (/snap/code/209/usr/share/code/resources/app/node_modules/undici/lib/core/request.js:301:27)
	at Object.errorRequest (/snap/code/209/usr/share/code/resources/app/node_modules/undici/lib/core/util.js:836:13)
	at Socket.onHttpSocketClose (/snap/code/209/usr/share/code/resources/app/node_modules/undici/lib/dispatcher/client-h1.js:939:10)
	at Socket.emit (node:events:530:35)
	at TCP.<anonymous> (node:net:346:12)
2025-10-07 10:11:47.204 [error] TypeError: terminated
	at Fetch.onAborted (node:internal/deps/undici/undici:11132:53)
	at Fetch.emit (node:events:518:28)
	at Fetch.terminate (node:internal/deps/undici/undici:10290:14)
	at Object.onError (node:internal/deps/undici/undici:11253:38)
	at Request.onError (/snap/code/209/usr/share/code/resources/app/node_modules/undici/lib/core/request.js:301:27)
	at Object.errorRequest (/snap/code/209/usr/share/code/resources/app/node_modules/undici/lib/core/util.js:836:13)
	at Socket.onHttpSocketClose (/snap/code/209/usr/share/code/resources/app/node_modules/undici/lib/dispatcher/client-h1.js:939:10)
	at Socket.emit (node:events:530:35)
	at TCP.<anonymous> (node:net:346:12)
2025-10-07 10:16:49.340 [error] TypeError: terminated
	at Fetch.onAborted (node:internal/deps/undici/undici:11132:53)
	at Fetch.emit (node:events:518:28)
	at Fetch.terminate (node:internal/deps/undici/undici:10290:14)
	at Object.onError (node:internal/deps/undici/undici:11253:38)
	at Request.onError (/snap/code/209/usr/share/code/resources/app/node_modules/undici/lib/core/request.js:301:27)
	at Object.errorRequest (/snap/code/209/usr/share/code/resources/app/node_modules/undici/lib/core/util.js:836:13)
	at Socket.onHttpSocketClose (/snap/code/209/usr/share/code/resources/app/node_modules/undici/lib/dispatcher/client-h1.js:939:10)
	at Socket.emit (node:events:530:35)
	at TCP.<anonymous> (node:net:346:12)
2025-10-07 10:21:51.443 [error] TypeError: terminated
	at Fetch.onAborted (node:internal/deps/undici/undici:11132:53)
	at Fetch.emit (node:events:518:28)
	at Fetch.terminate (node:internal/deps/undici/undici:10290:14)
	at Object.onError (node:internal/deps/undici/undici:11253:38)
	at Request.onError (/snap/code/209/usr/share/code/resources/app/node_modules/undici/lib/core/request.js:301:27)
	at Object.errorRequest (/snap/code/209/usr/share/code/resources/app/node_modules/undici/lib/core/util.js:836:13)
	at Socket.onHttpSocketClose (/snap/code/209/usr/share/code/resources/app/node_modules/undici/lib/dispatcher/client-h1.js:939:10)
	at Socket.emit (node:events:530:35)
	at TCP.<anonymous> (node:net:346:12)
2025-10-07 10:26:53.558 [error] TypeError: terminated
	at Fetch.onAborted (node:internal/deps/undici/undici:11132:53)
	at Fetch.emit (node:events:518:28)
	at Fetch.terminate (node:internal/deps/undici/undici:10290:14)
	at Object.onError (node:internal/deps/undici/undici:11253:38)
	at Request.onError (/snap/code/209/usr/share/code/resources/app/node_modules/undici/lib/core/request.js:301:27)
	at Object.errorRequest (/snap/code/209/usr/share/code/resources/app/node_modules/undici/lib/core/util.js:836:13)
	at Socket.onHttpSocketClose (/snap/code/209/usr/share/code/resources/app/node_modules/undici/lib/dispatcher/client-h1.js:939:10)
	at Socket.emit (node:events:530:35)
	at TCP.<anonymous> (node:net:346:12)
2025-10-07 10:31:55.654 [error] TypeError: terminated
	at Fetch.onAborted (node:internal/deps/undici/undici:11132:53)
	at Fetch.emit (node:events:518:28)
	at Fetch.terminate (node:internal/deps/undici/undici:10290:14)
	at Object.onError (node:internal/deps/undici/undici:11253:38)
	at Request.onError (/snap/code/209/usr/share/code/resources/app/node_modules/undici/lib/core/request.js:301:27)
	at Object.errorRequest (/snap/code/209/usr/share/code/resources/app/node_modules/undici/lib/core/util.js:836:13)
	at Socket.onHttpSocketClose (/snap/code/209/usr/share/code/resources/app/node_modules/undici/lib/dispatcher/client-h1.js:939:10)
	at Socket.emit (node:events:530:35)
	at TCP.<anonymous> (node:net:346:12)
2025-10-07 10:36:57.731 [error] TypeError: terminated
	at Fetch.onAborted (node:internal/deps/undici/undici:11132:53)
	at Fetch.emit (node:events:518:28)
	at Fetch.terminate (node:internal/deps/undici/undici:10290:14)
	at Object.onError (node:internal/deps/undici/undici:11253:38)
	at Request.onError (/snap/code/209/usr/share/code/resources/app/node_modules/undici/lib/core/request.js:301:27)
	at Object.errorRequest (/snap/code/209/usr/share/code/resources/app/node_modules/undici/lib/core/util.js:836:13)
	at Socket.onHttpSocketClose (/snap/code/209/usr/share/code/resources/app/node_modules/undici/lib/dispatcher/client-h1.js:939:10)
	at Socket.emit (node:events:530:35)
	at TCP.<anonymous> (node:net:346:12)
2025-10-07 10:41:59.810 [error] TypeError: terminated
	at Fetch.onAborted (node:internal/deps/undici/undici:11132:53)
	at Fetch.emit (node:events:518:28)
	at Fetch.terminate (node:internal/deps/undici/undici:10290:14)
	at Object.onError (node:internal/deps/undici/undici:11253:38)
	at Request.onError (/snap/code/209/usr/share/code/resources/app/node_modules/undici/lib/core/request.js:301:27)
	at Object.errorRequest (/snap/code/209/usr/share/code/resources/app/node_modules/undici/lib/core/util.js:836:13)
	at Socket.onHttpSocketClose (/snap/code/209/usr/share/code/resources/app/node_modules/undici/lib/dispatcher/client-h1.js:939:10)
	at Socket.emit (node:events:530:35)
	at TCP.<anonymous> (node:net:346:12)
2025-10-07 10:47:01.865 [error] TypeError: terminated
	at Fetch.onAborted (node:internal/deps/undici/undici:11132:53)
	at Fetch.emit (node:events:518:28)
	at Fetch.terminate (node:internal/deps/undici/undici:10290:14)
	at Object.onError (node:internal/deps/undici/undici:11253:38)
	at Request.onError (/snap/code/209/usr/share/code/resources/app/node_modules/undici/lib/core/request.js:301:27)
	at Object.errorRequest (/snap/code/209/usr/share/code/resources/app/node_modules/undici/lib/core/util.js:836:13)
	at Socket.onHttpSocketClose (/snap/code/209/usr/share/code/resources/app/node_modules/undici/lib/dispatcher/client-h1.js:939:10)
	at Socket.emit (node:events:530:35)
	at TCP.<anonymous> (node:net:346:12)
2025-10-07 10:47:33.532 [info] Extension host terminating: renderer closed the MessagePort
2025-10-07 10:47:33.569 [error] TypeError: Cannot read properties of undefined (reading 'subscriptions')
	at Object.K [as deactivate] (/home/mikel/.vscode/extensions/ms-python.vscode-python-envs-1.2.0-linux-x64/dist/extension.js:2:618887)
	at aJ.eb (file:///snap/code/209/usr/share/code/resources/app/out/vs/workbench/api/node/extensionHostProcess.js:116:11836)
	at file:///snap/code/209/usr/share/code/resources/app/out/vs/workbench/api/node/extensionHostProcess.js:116:9986
	at Array.map (<anonymous>)
	at aJ.$ (file:///snap/code/209/usr/share/code/resources/app/out/vs/workbench/api/node/extensionHostProcess.js:116:9974)
	at aJ.terminate (file:///snap/code/209/usr/share/code/resources/app/out/vs/workbench/api/node/extensionHostProcess.js:116:10217)
	at RP.terminate (file:///snap/code/209/usr/share/code/resources/app/out/vs/workbench/api/node/extensionHostProcess.js:118:914)
	at bs (file:///snap/code/209/usr/share/code/resources/app/out/vs/workbench/api/node/extensionHostProcess.js:391:10410)
	at MessagePortMain.<anonymous> (file:///snap/code/209/usr/share/code/resources/app/out/vs/workbench/api/node/extensionHostProcess.js:391:6949)
	at MessagePortMain.emit (node:events:518:28)
	at MessagePortMain._internalPort.emit (node:electron/js2c/utility_init:2:2949)
2025-10-07 10:47:33.570 [info] Extension host with pid 5619 exiting with code 0
