2025-10-04 16:19:37.359 [warning] Via 'product.json#extensionEnabledApiProposals' extension 'ms-vsliveshare.vsliveshare' wants API proposal 'notebookCellExecutionState' but that proposal DOES NOT EXIST. Likely, the proposal has been finalized (check 'vscode.d.ts') or was abandoned.
2025-10-04 16:19:37.381 [warning] Via 'product.json#extensionEnabledApiProposals' extension 'ms-python.gather' wants API proposal 'notebookCellExecutionState' but that proposal DOES NOT EXIST. Likely, the proposal has been finalized (check 'vscode.d.ts') or was abandoned.
2025-10-04 16:19:37.382 [warning] Via 'product.json#extensionEnabledApiProposals' extension 'ms-python.vscode-pylance' wants API proposal 'mcpConfigurationProvider' but that proposal DOES NOT EXIST. Likely, the proposal has been finalized (check 'vscode.d.ts') or was abandoned.
2025-10-04 16:19:37.971 [info] Started local extension host with pid 7109.
2025-10-04 16:19:40.176 [info] Settings Sync: Account status changed from uninitialized to unavailable
2025-10-04 16:19:41.708 [info] [perf] Render performance baseline is 33ms
2025-10-04 16:19:42.175 [error] [UriError]: Scheme contains illegal characters.: Error: [UriError]: Scheme contains illegal characters.
    at R7 (file:///snap/code/205/usr/share/code/resources/app/out/main.js:30:63994)
    at new sd (file:///snap/code/205/usr/share/code/resources/app/out/main.js:30:67374)
    at new Ur (file:///snap/code/205/usr/share/code/resources/app/out/main.js:30:68812)
    at sd.revive (file:///snap/code/205/usr/share/code/resources/app/out/main.js:30:68589)
    at G4.call (file:///snap/code/205/usr/share/code/resources/app/out/main.js:85:104940)
    at If.s (file:///snap/code/205/usr/share/code/resources/app/out/main.js:31:14859)
    at If.q (file:///snap/code/205/usr/share/code/resources/app/out/main.js:31:14382)
    at Yo.value (file:///snap/code/205/usr/share/code/resources/app/out/main.js:31:13784)
    at D.C (file:///snap/code/205/usr/share/code/resources/app/out/main.js:30:2373)
    at D (file:///snap/code/205/usr/share/code/resources/app/out/main.js:30:2443)
    at D.fire (file:///snap/code/205/usr/share/code/resources/app/out/main.js:30:2660)
    at Yo.value (file:///snap/code/205/usr/share/code/resources/app/out/main.js:28:4852)
    at D.C (file:///snap/code/205/usr/share/code/resources/app/out/main.js:30:2373)
    at D.fire (file:///snap/code/205/usr/share/code/resources/app/out/main.js:30:2591)
    at Yo.value (file:///snap/code/205/usr/share/code/resources/app/out/main.js:28:5040)
    at D.C (file:///snap/code/205/usr/share/code/resources/app/out/main.js:30:2373)
    at D.fire (file:///snap/code/205/usr/share/code/resources/app/out/main.js:30:2591)
    at z (file:///snap/code/205/usr/share/code/resources/app/out/main.js:28:7334)
    at IpcMainImpl.i (file:///snap/code/205/usr/share/code/resources/app/out/main.js:33:21024)
    at IpcMainImpl.emit (node:events:518:28)
    at Session.<anonymous> (node:electron/js2c/browser_init:2:106370)
    at Session.emit (node:events:518:28)
2025-10-04 16:20:01.491 [error] Server[pid=7767] disconnected unexpectedly: CodeExpectedError: Server[pid=7767] disconnected unexpectedly
    at Jgt.Q (vscode-file://vscode-app/snap/code/205/usr/share/code/resources/app/out/vs/workbench/workbench.desktop.main.js:2650:15454)
    at vscode-file://vscode-app/snap/code/205/usr/share/code/resources/app/out/vs/workbench/workbench.desktop.main.js:2650:15032
    at async Xgt.cb (vscode-file://vscode-app/snap/code/205/usr/share/code/resources/app/out/vs/workbench/workbench.desktop.main.js:2650:30620)
2025-10-04 16:21:17.558 [error] Server[pid=7879] disconnected unexpectedly: CodeExpectedError: Server[pid=7879] disconnected unexpectedly
    at Jgt.Q (vscode-file://vscode-app/snap/code/205/usr/share/code/resources/app/out/vs/workbench/workbench.desktop.main.js:2650:15454)
    at vscode-file://vscode-app/snap/code/205/usr/share/code/resources/app/out/vs/workbench/workbench.desktop.main.js:2650:15032
    at async Xgt.cb (vscode-file://vscode-app/snap/code/205/usr/share/code/resources/app/out/vs/workbench/workbench.desktop.main.js:2650:30620)
